<?xml version="1.0" encoding="UTF-8" ?>
<testsuite tests="3" failures="1" name="smoketest.TrintechSiteTest" time="0.284" errors="0" skipped="2">
  <properties>
[...]
</properties>
  <testcase classname="smoketest.TrintechSiteTest" name="beforeTest" time="0.282">
    <failure message="The driver executable does not exist: D:\Users\Thanh\workspace\TrintechWeb\src\webdrivers\IEDriverServer32.exe" type="java.lang.IllegalStateException">java.lang.IllegalStateException: The driver executable does not exist: D:\Users\Thanh\workspace\TrintechWeb\src\webdrivers\IEDriverServer32.exe
	at com.google.common.base.Preconditions.checkState(Preconditions.java:199)
	at org.openqa.selenium.remote.service.DriverService.checkExecutable(DriverService.java:121)
	at org.openqa.selenium.remote.service.DriverService.findExecutable(DriverService.java:116)
	at org.openqa.selenium.ie.InternetExplorerDriverService.access$000(InternetExplorerDriverService.java:32)
	at org.openqa.selenium.ie.InternetExplorerDriverService$Builder.findDefaultExecutable(InternetExplorerDriverService.java:167)
	at org.openqa.selenium.remote.service.DriverService$Builder.build(DriverService.java:296)
	at org.openqa.selenium.ie.InternetExplorerDriver.setupService(InternetExplorerDriver.java:251)
	at org.openqa.selenium.ie.InternetExplorerDriver.&lt;init&gt;(InternetExplorerDriver.java:172)
	at org.openqa.selenium.ie.InternetExplorerDriver.&lt;init&gt;(InternetExplorerDriver.java:146)
	at smoketest.TrintechSiteTest.beforeTest(TrintechSiteTest.java:137)
</failure>
    <system-out>Configuring TestNG with: org.apache.maven.surefire.testng.conf.TestNG652Configurator@782830e
</system-out>
  </testcase>
  <testcase classname="smoketest.TrintechSiteTest" name="trintechMainTest" time="0.001">
    <skipped/>
  </testcase>
  <testcase classname="smoketest.TrintechSiteTest" name="afterTest" time="0.001">
    <skipped/>
  </testcase>
</testsuite>